Using pre-set license
Built from '2020.3/staging' branch; Version is '2020.3.0f1 (c7b5465681fb) revision 13088070'; Using compiler version '192528614'; Build Type 'Release'
OS: 'Windows 10 Home; OS build 18363.1440; Version 1909; 64bit' Language: 'en' Physical Memory: 16281 MB
BatchMode: 1, IsHumanControllingUs: 0, StartBugReporterOnCrash: 0, Is64bit: 1, IsPro: 0

 COMMAND LINE ARGUMENTS:
C:\Program Files\Unity\Hub\Editor\2020.3.0f1\Editor\Unity.exe
-adb2
-batchMode
-noUpm
-name
AssetImportWorker0
-projectPath
C:/Users/zheng/OneDrive/Desktop/hunter/spring2021/vr/finalproject
-logFile
Logs/AssetImportWorker0.log
-srvPort
51884
Successfully changed project path to: C:/Users/zheng/OneDrive/Desktop/hunter/spring2021/vr/finalproject
C:/Users/zheng/OneDrive/Desktop/hunter/spring2021/vr/finalproject
Using Asset Import Pipeline V2.
Refreshing native plugins compatible for Editor in 64.25 ms, found 5 plugins.
Preloading 0 native plugins for Editor in 0.00 ms.
Initialize engine version: 2020.3.0f1 (c7b5465681fb)
[Subsystems] Discovering subsystems at path C:/Program Files/Unity/Hub/Editor/2020.3.0f1/Editor/Data/Resources/UnitySubsystems
[Subsystems] Discovering subsystems at path C:/Users/zheng/OneDrive/Desktop/hunter/spring2021/vr/finalproject/Assets
GfxDevice: creating device client; threaded=0
Direct3D:
    Version:  Direct3D 11.0 [level 11.1]
    Renderer: Intel(R) HD Graphics 620 (ID=0x5916)
    Vendor:   
    VRAM:     8140 MB
    Driver:   27.20.100.8682
Initialize mono
Mono path[0] = 'C:/Program Files/Unity/Hub/Editor/2020.3.0f1/Editor/Data/Managed'
Mono path[1] = 'C:/Program Files/Unity/Hub/Editor/2020.3.0f1/Editor/Data/MonoBleedingEdge/lib/mono/unityjit'
Mono config path = 'C:/Program Files/Unity/Hub/Editor/2020.3.0f1/Editor/Data/MonoBleedingEdge/etc'
Using monoOptions --debugger-agent=transport=dt_socket,embedding=1,server=y,suspend=n,address=127.0.0.1:56272
Begin MonoManager ReloadAssembly
Registering precompiled unity dll's ...
Register platform support module: C:/Program Files/Unity/Hub/Editor/2020.3.0f1/Editor/Data/PlaybackEngines/WindowsStandaloneSupport/UnityEditor.WindowsStandalone.Extensions.dll
Registered in 0.002088 seconds.
Native extension for WindowsStandalone target not found
Refreshing native plugins compatible for Editor in 58.75 ms, found 5 plugins.
Preloading 0 native plugins for Editor in 0.00 ms.
Invoked RoslynAnalysisRunner static constructor.
RoslynAnalysisRunner will not be running.
RoslynAnalysisRunner has terminated.
Mono: successfully reloaded assembly
- Completed reload, in  1.165 seconds
Platform modules already initialized, skipping
Registering precompiled user dll's ...
Registered in 0.003830 seconds.
Begin MonoManager ReloadAssembly
Native extension for WindowsStandalone target not found
Refreshing native plugins compatible for Editor in 59.43 ms, found 5 plugins.
Preloading 0 native plugins for Editor in 0.00 ms.
Invoked RoslynAnalysisRunner static constructor.
RoslynAnalysisRunner will not be running.
RoslynAnalysisRunner has terminated.
Mono: successfully reloaded assembly
- Completed reload, in  1.170 seconds
Platform modules already initialized, skipping
========================================================================
Worker process is ready to serve import requests
Launched and connected shader compiler UnityShaderCompiler.exe after 0.07 seconds
Refreshing native plugins compatible for Editor in 0.69 ms, found 5 plugins.
Preloading 0 native plugins for Editor in 0.00 ms.
Unloading 2742 Unused Serialized files (Serialized files now loaded: 0)
System memory in use before: 106.6 MB.
System memory in use after: 106.8 MB.

Unloading 28 unused Assets to reduce memory usage. Loaded Objects now: 3171.
Total: 2.755300 ms (FindLiveObjects: 0.329500 ms CreateObjectMapping: 0.161100 ms MarkObjects: 2.145900 ms  DeleteObjects: 0.117800 ms)

========================================================================
Received Import Request.
  path: Assets/PolyWorkshop/CardboardBoxesSet/Materials/Textures/cardboardBoxSet_Specular.tga
  artifactKey: Guid(754f6fc4f579ebe4ea2be646bd00b499) Importer(815301076,1909f56bfc062723c751e8b465ee728b)
Start importing Assets/PolyWorkshop/CardboardBoxesSet/Materials/Textures/cardboardBoxSet_Specular.tga using Guid(754f6fc4f579ebe4ea2be646bd00b499) Importer(815301076,1909f56bfc062723c751e8b465ee728b)  -> (artifact id: 'a34537ef9db496fddf8f0505ccfc5a0e') in 0.081138 seconds
  Import took 0.086740 seconds .

========================================================================
Received Import Request.
  Time since last request: 0.000367 seconds.
  path: Assets/school/Prefabs/props/board.prefab
  artifactKey: Guid(adb1204842363d949b4b739100f86523) Importer(815301076,1909f56bfc062723c751e8b465ee728b)
Start importing Assets/school/Prefabs/props/board.prefab using Guid(adb1204842363d949b4b739100f86523) Importer(815301076,1909f56bfc062723c751e8b465ee728b)  -> (artifact id: 'c5349c6b87abe04da1b23cd16615f771') in 0.163392 seconds
  Import took 0.168161 seconds .

========================================================================
Received Import Request.
  Time since last request: 0.000291 seconds.
  path: Assets/Cardboard realistic boxes [HQ,Free]/Prefabs/CardboardBox_0.prefab
  artifactKey: Guid(f2cff542d8137ef4a8893f166fad3e24) Importer(815301076,1909f56bfc062723c751e8b465ee728b)
Start importing Assets/Cardboard realistic boxes [HQ,Free]/Prefabs/CardboardBox_0.prefab using Guid(f2cff542d8137ef4a8893f166fad3e24) Importer(815301076,1909f56bfc062723c751e8b465ee728b)  -> (artifact id: '18bbf3db06094dfdd0ad2246e31ade15') in 0.913585 seconds
  Import took 0.928572 seconds .

========================================================================
Received Import Request.
  Time since last request: 0.014294 seconds.
  path: Assets/school/Prefabs/props/board2.prefab
  artifactKey: Guid(a5387be5615ab204780e8b46f7b3a16e) Importer(815301076,1909f56bfc062723c751e8b465ee728b)
Start importing Assets/school/Prefabs/props/board2.prefab using Guid(a5387be5615ab204780e8b46f7b3a16e) Importer(815301076,1909f56bfc062723c751e8b465ee728b)  -> (artifact id: 'd3c84f5d9a277bf08ca1ed9250314f3a') in 0.077207 seconds
  Import took 0.110663 seconds .

========================================================================
Received Import Request.
  Time since last request: 0.000278 seconds.
  path: Assets/Cardboard realistic boxes [HQ,Free]/Textures/CardboardBoxes_Albedo.png
  artifactKey: Guid(8467e207c6d409842b526eb0c862981d) Importer(815301076,1909f56bfc062723c751e8b465ee728b)
Start importing Assets/Cardboard realistic boxes [HQ,Free]/Textures/CardboardBoxes_Albedo.png using Guid(8467e207c6d409842b526eb0c862981d) Importer(815301076,1909f56bfc062723c751e8b465ee728b)  -> (artifact id: '7f57bb25b068a8e5745dc507a161e946') in 0.112021 seconds
  Import took 0.118191 seconds .

========================================================================
Received Import Request.
  Time since last request: 0.000239 seconds.
  path: Assets/PolyWorkshop/CardboardBoxesSet/Prefabs/cardboardBox_03.prefab
  artifactKey: Guid(efbc7aaed080d31418251812fc4cfad8) Importer(815301076,1909f56bfc062723c751e8b465ee728b)
Start importing Assets/PolyWorkshop/CardboardBoxesSet/Prefabs/cardboardBox_03.prefab using Guid(efbc7aaed080d31418251812fc4cfad8) Importer(815301076,1909f56bfc062723c751e8b465ee728b)  -> (artifact id: '88d66bc2c8442a1fbf2d064462bde837') in 0.206338 seconds
  Import took 0.211786 seconds .

========================================================================
Received Import Request.
  Time since last request: 0.000223 seconds.
  path: Assets/PolyWorkshop/CardboardBoxesSet/Materials/Textures/cardboardBoxSet_Diffuse.tga
  artifactKey: Guid(fae60c9f21f342549b4b5273bb89567f) Importer(815301076,1909f56bfc062723c751e8b465ee728b)
Start importing Assets/PolyWorkshop/CardboardBoxesSet/Materials/Textures/cardboardBoxSet_Diffuse.tga using Guid(fae60c9f21f342549b4b5273bb89567f) Importer(815301076,1909f56bfc062723c751e8b465ee728b)  -> (artifact id: '14b18890fdbead7c69b2ac7619d7456b') in 0.046026 seconds
  Import took 0.050974 seconds .

========================================================================
Received Import Request.
  Time since last request: 0.000372 seconds.
  path: Assets/Cardboard realistic boxes [HQ,Free]/Prefabs/CardboardBox_5.prefab
  artifactKey: Guid(1801cf263fd8e164db14202a5ea39715) Importer(815301076,1909f56bfc062723c751e8b465ee728b)
Start importing Assets/Cardboard realistic boxes [HQ,Free]/Prefabs/CardboardBox_5.prefab using Guid(1801cf263fd8e164db14202a5ea39715) Importer(815301076,1909f56bfc062723c751e8b465ee728b)  -> (artifact id: 'ec7a5e54d9913d20fef4d95e2755d74f') in 0.368210 seconds
  Import took 0.374641 seconds .

========================================================================
Received Import Request.
  Time since last request: 0.000419 seconds.
  path: Assets/school/Prefabs/props/board2_1.prefab
  artifactKey: Guid(b3341dfb909e87841afc69dcda0971e1) Importer(815301076,1909f56bfc062723c751e8b465ee728b)
Start importing Assets/school/Prefabs/props/board2_1.prefab using Guid(b3341dfb909e87841afc69dcda0971e1) Importer(815301076,1909f56bfc062723c751e8b465ee728b)  -> (artifact id: 'f09a2f171dfe760a5bc16a8d5d513b1e') in 0.051794 seconds
  Import took 0.057339 seconds .

========================================================================
Received Import Request.
  Time since last request: 0.000542 seconds.
  path: Assets/school/props/board2_2.fbx
  artifactKey: Guid(bd7e469a6d0e8c44e9dabdd48e4bfb36) Importer(815301076,1909f56bfc062723c751e8b465ee728b)
Start importing Assets/school/props/board2_2.fbx using Guid(bd7e469a6d0e8c44e9dabdd48e4bfb36) Importer(815301076,1909f56bfc062723c751e8b465ee728b)  -> (artifact id: '788615281f35c5a1fe25dd3dbf31c3da') in 0.110280 seconds
  Import took 0.116473 seconds .

========================================================================
Received Import Request.
  Time since last request: 0.000216 seconds.
  path: Assets/school/Prefabs/props/board2_2.prefab
  artifactKey: Guid(f16c1a01fe11a1c4499b6704e5007d33) Importer(815301076,1909f56bfc062723c751e8b465ee728b)
Start importing Assets/school/Prefabs/props/board2_2.prefab using Guid(f16c1a01fe11a1c4499b6704e5007d33) Importer(815301076,1909f56bfc062723c751e8b465ee728b)  -> (artifact id: '56198616f595f51c150a0c1cff334130') in 0.045424 seconds
  Import took 0.051969 seconds .

========================================================================
Received Import Request.
  Time since last request: 0.000297 seconds.
  path: Assets/GoogleVR/Demos/Images/HelloVR_Splash.png
  artifactKey: Guid(2dcc47444163a4a20982a545ebfb41c3) Importer(815301076,1909f56bfc062723c751e8b465ee728b)
Start importing Assets/GoogleVR/Demos/Images/HelloVR_Splash.png using Guid(2dcc47444163a4a20982a545ebfb41c3) Importer(815301076,1909f56bfc062723c751e8b465ee728b)  -> (artifact id: 'b84f10da3cc97cf8380342a8ffd699c0') in 0.027824 seconds
  Import took 0.035657 seconds .

========================================================================
Received Import Request.
  Time since last request: 0.000285 seconds.
  path: Assets/GoogleVR/Demos/Sounds/HelloVR/HelloVR_Tone_1.wav
  artifactKey: Guid(f7491bc024d4e4f1f9a6dd7f09558029) Importer(815301076,1909f56bfc062723c751e8b465ee728b)
Start importing Assets/GoogleVR/Demos/Sounds/HelloVR/HelloVR_Tone_1.wav using Guid(f7491bc024d4e4f1f9a6dd7f09558029) Importer(815301076,1909f56bfc062723c751e8b465ee728b)  -> (artifact id: '9629fabe420cc5f16628ecb01644cf25') in 0.056679 seconds
  Import took 0.064111 seconds .

========================================================================
Received Import Request.
  Time since last request: 0.000255 seconds.
  path: Assets/PolyWorkshop/CardboardBoxesSet/Models/cardboardBox_02.fbx
  artifactKey: Guid(8a07748a10d783d4abb6dbd7272e6ab1) Importer(815301076,1909f56bfc062723c751e8b465ee728b)
Start importing Assets/PolyWorkshop/CardboardBoxesSet/Models/cardboardBox_02.fbx using Guid(8a07748a10d783d4abb6dbd7272e6ab1) Importer(815301076,1909f56bfc062723c751e8b465ee728b)  -> (artifact id: '3af053245d77aa42b922a042327d0ecf') in 0.020098 seconds
  Import took 0.025521 seconds .

========================================================================
Received Import Request.
  Time since last request: 0.000275 seconds.
  path: Assets/Cardboard realistic boxes [HQ,Free]/Prefabs/CardboardBox_3.prefab
  artifactKey: Guid(2b04d46579fa05b4893ee55a9b307b3f) Importer(815301076,1909f56bfc062723c751e8b465ee728b)
Start importing Assets/Cardboard realistic boxes [HQ,Free]/Prefabs/CardboardBox_3.prefab using Guid(2b04d46579fa05b4893ee55a9b307b3f) Importer(815301076,1909f56bfc062723c751e8b465ee728b)  -> (artifact id: '5ff03bc0581df1221c06cbbfe45028da') in 0.221740 seconds
  Import took 0.228636 seconds .

========================================================================
Received Import Request.
  Time since last request: 0.000303 seconds.
  path: Assets/GoogleVR/Demos/Images/HelloVR_AppTile_front.png
  artifactKey: Guid(c4ae70383ca474f52a620a85650f58e3) Importer(815301076,1909f56bfc062723c751e8b465ee728b)
Start importing Assets/GoogleVR/Demos/Images/HelloVR_AppTile_front.png using Guid(c4ae70383ca474f52a620a85650f58e3) Importer(815301076,1909f56bfc062723c751e8b465ee728b)  -> (artifact id: '68949c4aa58cbdac4865d9ca5db950dd') in 0.025902 seconds
  Import took 0.034291 seconds .

========================================================================
Received Import Request.
  Time since last request: 0.000502 seconds.
  path: Assets/GoogleVR/Demos/Images/HelloVR_AppTile_bg.png
  artifactKey: Guid(288db1a85cba3455c9a11b25773781e2) Importer(815301076,1909f56bfc062723c751e8b465ee728b)
Start importing Assets/GoogleVR/Demos/Images/HelloVR_AppTile_bg.png using Guid(288db1a85cba3455c9a11b25773781e2) Importer(815301076,1909f56bfc062723c751e8b465ee728b)  -> (artifact id: '61ebc7292981a3d58f0a7db5f44365e7') in 0.027106 seconds
  Import took 0.037591 seconds .

========================================================================
Received Import Request.
  Time since last request: 0.000431 seconds.
  path: Assets/GoogleVR/Demos/Images/ic_launcher_hello_vr_round.png
  artifactKey: Guid(bd22a15a4cbd649caa948484771a6738) Importer(815301076,1909f56bfc062723c751e8b465ee728b)
Start importing Assets/GoogleVR/Demos/Images/ic_launcher_hello_vr_round.png using Guid(bd22a15a4cbd649caa948484771a6738) Importer(815301076,1909f56bfc062723c751e8b465ee728b)  -> (artifact id: '50f07aea8ea2262ff0890217afb13518') in 0.021733 seconds
  Import took 0.032474 seconds .

========================================================================
Received Import Request.
  Time since last request: 0.000576 seconds.
  path: Assets/school/props/board.fbx
  artifactKey: Guid(5613243e699c34046bcf679855532f68) Importer(815301076,1909f56bfc062723c751e8b465ee728b)
Start importing Assets/school/props/board.fbx using Guid(5613243e699c34046bcf679855532f68) Importer(815301076,1909f56bfc062723c751e8b465ee728b)  -> (artifact id: '905d6af904069f0bf70f57a6aee2ce3b') in 0.046753 seconds
  Import took 0.054859 seconds .

========================================================================
Received Import Request.
  Time since last request: 0.000305 seconds.
  path: Assets/school/props/board2.fbx
  artifactKey: Guid(566a42721c548c54cb9bc534f063aab3) Importer(815301076,1909f56bfc062723c751e8b465ee728b)
Start importing Assets/school/props/board2.fbx using Guid(566a42721c548c54cb9bc534f063aab3) Importer(815301076,1909f56bfc062723c751e8b465ee728b)  -> (artifact id: '376f85774f8f612d70e024ce1a847b2e') in 0.041751 seconds
  Import took 0.048848 seconds .

========================================================================
Received Import Request.
  Time since last request: 0.000267 seconds.
  path: Assets/Cardboard realistic boxes [HQ,Free]/Models/CardboardBoxes.fbx
  artifactKey: Guid(e23dba22a399072459a00bad42058307) Importer(815301076,1909f56bfc062723c751e8b465ee728b)
Start importing Assets/Cardboard realistic boxes [HQ,Free]/Models/CardboardBoxes.fbx using Guid(e23dba22a399072459a00bad42058307) Importer(815301076,1909f56bfc062723c751e8b465ee728b)  -> (artifact id: 'ad1dba15c40a6932c1235c814f895f26') in 0.253150 seconds
  Import took 0.258559 seconds .

========================================================================
Received Import Request.
  Time since last request: 0.000360 seconds.
  path: Assets/Prefabs/Green/cardboardBox_02.prefab
  artifactKey: Guid(23fc59362ba1e264eb5b636821ad929a) Importer(815301076,1909f56bfc062723c751e8b465ee728b)
Start importing Assets/Prefabs/Green/cardboardBox_02.prefab using Guid(23fc59362ba1e264eb5b636821ad929a) Importer(815301076,1909f56bfc062723c751e8b465ee728b)  -> (artifact id: '66482f1b66c7f23b67f061d33df93370') in 0.058395 seconds
  Import took 0.064050 seconds .

========================================================================
Received Import Request.
  Time since last request: 0.000329 seconds.
  path: Assets/Cardboard realistic boxes [HQ,Free]/Materials/CardboardBox_mat.mat
  artifactKey: Guid(7ba840b382e52e8448b03edb04165c42) Importer(815301076,1909f56bfc062723c751e8b465ee728b)
Start importing Assets/Cardboard realistic boxes [HQ,Free]/Materials/CardboardBox_mat.mat using Guid(7ba840b382e52e8448b03edb04165c42) Importer(815301076,1909f56bfc062723c751e8b465ee728b)  -> (artifact id: '395c025f489f63caa1be7865d20fa9ec') in 0.211016 seconds
  Import took 0.215765 seconds .

========================================================================
Received Import Request.
  Time since last request: 0.000294 seconds.
  path: Assets/Cardboard realistic boxes [HQ,Free]/Prefabs/CardboardBox_2.prefab
  artifactKey: Guid(aa79bd001d2fc3c4b9a07d809c490276) Importer(815301076,1909f56bfc062723c751e8b465ee728b)
Start importing Assets/Cardboard realistic boxes [HQ,Free]/Prefabs/CardboardBox_2.prefab using Guid(aa79bd001d2fc3c4b9a07d809c490276) Importer(815301076,1909f56bfc062723c751e8b465ee728b)  -> (artifact id: 'ea23124c10770449a0bdf70e94ea74ed') in 0.281871 seconds
  Import took 0.286901 seconds .

========================================================================
Received Import Request.
  Time since last request: 0.000356 seconds.
  path: Assets/PolyWorkshop/CardboardBoxesSet/Models/cardboardBox_01.fbx
  artifactKey: Guid(a97056cf293fff648bc5d6b58cb552b2) Importer(815301076,1909f56bfc062723c751e8b465ee728b)
Start importing Assets/PolyWorkshop/CardboardBoxesSet/Models/cardboardBox_01.fbx using Guid(a97056cf293fff648bc5d6b58cb552b2) Importer(815301076,1909f56bfc062723c751e8b465ee728b)  -> (artifact id: 'ec8ba7cc5618310247cfdc567dc21944') in 0.053782 seconds
  Import took 0.058535 seconds .

========================================================================
Received Import Request.
  Time since last request: 0.000361 seconds.
  path: Assets/Cardboard realistic boxes [HQ,Free]/Textures/CardboardBoxes_Normal.png
  artifactKey: Guid(5764b1706d55fce489740111ae118df8) Importer(815301076,1909f56bfc062723c751e8b465ee728b)
Start importing Assets/Cardboard realistic boxes [HQ,Free]/Textures/CardboardBoxes_Normal.png using Guid(5764b1706d55fce489740111ae118df8) Importer(815301076,1909f56bfc062723c751e8b465ee728b)  -> (artifact id: 'a8279e2a166d342801caa29b295dd8f4') in 0.076175 seconds
  Import took 0.081247 seconds .

========================================================================
Received Import Request.
  Time since last request: 0.000295 seconds.
  path: Assets/Cardboard realistic boxes [HQ,Free]/Prefabs/CardboardBox_4.prefab
  artifactKey: Guid(8b0e041139b374b4e869fec62970a236) Importer(815301076,1909f56bfc062723c751e8b465ee728b)
Start importing Assets/Cardboard realistic boxes [HQ,Free]/Prefabs/CardboardBox_4.prefab using Guid(8b0e041139b374b4e869fec62970a236) Importer(815301076,1909f56bfc062723c751e8b465ee728b)  -> (artifact id: '969461b7e30b05c5dc5a86d7fb5376c7') in 0.288069 seconds
  Import took 0.294189 seconds .

========================================================================
Received Import Request.
  Time since last request: 0.000382 seconds.
  path: Assets/PolyWorkshop/CardboardBoxesSet/Materials/cardboardBoxes_Material.mat
  artifactKey: Guid(25cf391b82a62fd409ac25582b00a664) Importer(815301076,1909f56bfc062723c751e8b465ee728b)
Start importing Assets/PolyWorkshop/CardboardBoxesSet/Materials/cardboardBoxes_Material.mat using Guid(25cf391b82a62fd409ac25582b00a664) Importer(815301076,1909f56bfc062723c751e8b465ee728b)  -> (artifact id: 'fe6a8a68fd73ce60f3ba901835286082') in 0.078980 seconds
  Import took 0.084194 seconds .

========================================================================
Received Import Request.
  Time since last request: 0.000231 seconds.
  path: Assets/Prefabs/Green_paper_cardboard.prefab
  artifactKey: Guid(3e689a856fa125341b50f3e1fc7a8d66) Importer(815301076,1909f56bfc062723c751e8b465ee728b)
Start importing Assets/Prefabs/Green_paper_cardboard.prefab using Guid(3e689a856fa125341b50f3e1fc7a8d66) Importer(815301076,1909f56bfc062723c751e8b465ee728b)  -> (artifact id: '54912f58d3bd89a6252e65c2cc5e476b') in 0.239959 seconds
  Import took 0.245075 seconds .

========================================================================
Received Import Request.
  Time since last request: 0.000342 seconds.
  path: Assets/Cardboard realistic boxes [HQ,Free]/Prefabs/CardboardBox_1.prefab
  artifactKey: Guid(36fb2481533bf494e9499dc228c7fd7d) Importer(815301076,1909f56bfc062723c751e8b465ee728b)
Start importing Assets/Cardboard realistic boxes [HQ,Free]/Prefabs/CardboardBox_1.prefab using Guid(36fb2481533bf494e9499dc228c7fd7d) Importer(815301076,1909f56bfc062723c751e8b465ee728b)  -> (artifact id: '211add14843241e135f8dc5989d7335e') in 0.351355 seconds
  Import took 0.361057 seconds .

========================================================================
Received Import Request.
  Time since last request: 0.000311 seconds.
  path: Assets/Samples/Google Cardboard XR Plugin for Unity/1.4.1/Hello Cardboard/Scenes
  artifactKey: Guid(6532d9b74af7e42dd9bfe5affd1bba03) Importer(815301076,1909f56bfc062723c751e8b465ee728b)
Start importing Assets/Samples/Google Cardboard XR Plugin for Unity/1.4.1/Hello Cardboard/Scenes using Guid(6532d9b74af7e42dd9bfe5affd1bba03) Importer(815301076,1909f56bfc062723c751e8b465ee728b)  -> (artifact id: '172bacedab0bd1a79036d0983523ccfd') in 0.029395 seconds
  Import took 0.046670 seconds .

========================================================================
Received Import Request.
  Time since last request: 0.000209 seconds.
  path: Assets/GoogleVR/Demos/Sounds/HelloVR/HelloVR_Tone_3.wav
  artifactKey: Guid(c9ad5fd9c2ab042098d2625d6cde66cd) Importer(815301076,1909f56bfc062723c751e8b465ee728b)
Start importing Assets/GoogleVR/Demos/Sounds/HelloVR/HelloVR_Tone_3.wav using Guid(c9ad5fd9c2ab042098d2625d6cde66cd) Importer(815301076,1909f56bfc062723c751e8b465ee728b)  -> (artifact id: 'b024c378a814eddfed44df8065893fe2') in 0.038446 seconds
  Import took 0.052173 seconds .

========================================================================
Received Import Request.
  Time since last request: 0.000740 seconds.
  path: Assets/school/props/board2_1.fbx
  artifactKey: Guid(45565251077e14d4180ee5c2bb5b896d) Importer(815301076,1909f56bfc062723c751e8b465ee728b)
Start importing Assets/school/props/board2_1.fbx using Guid(45565251077e14d4180ee5c2bb5b896d) Importer(815301076,1909f56bfc062723c751e8b465ee728b)  -> (artifact id: '4838f1281335d2ce82d90536be0080c2') in 0.066666 seconds
  Import took 0.079818 seconds .

========================================================================
Received Import Request.
  Time since last request: 0.000292 seconds.
  path: Assets/PolyWorkshop/CardboardBoxesSet/Prefabs/cardboardBox_01.prefab
  artifactKey: Guid(84fa1372da0bc1849a3f058e3cad16eb) Importer(815301076,1909f56bfc062723c751e8b465ee728b)
Start importing Assets/PolyWorkshop/CardboardBoxesSet/Prefabs/cardboardBox_01.prefab using Guid(84fa1372da0bc1849a3f058e3cad16eb) Importer(815301076,1909f56bfc062723c751e8b465ee728b)  -> (artifact id: 'eceb9dacfc8a7a5c8eb7536687aa991c') in 0.056485 seconds
  Import took 0.062501 seconds .

========================================================================
Received Import Request.
  Time since last request: 0.000257 seconds.
  path: Assets/school/Prefabs/props/board1.prefab
  artifactKey: Guid(883fda0b73369fe41bc2ed262338a937) Importer(815301076,1909f56bfc062723c751e8b465ee728b)
Start importing Assets/school/Prefabs/props/board1.prefab using Guid(883fda0b73369fe41bc2ed262338a937) Importer(815301076,1909f56bfc062723c751e8b465ee728b)  -> (artifact id: '5eac101934a4ac5eddaf0c8d6250d5ba') in 0.049068 seconds
  Import took 0.054088 seconds .

========================================================================
Received Import Request.
  Time since last request: 0.000250 seconds.
  path: Assets/PolyWorkshop/CardboardBoxesSet/Materials/Textures/cardboardBoxSet_Normal.tga
  artifactKey: Guid(b19d15a0bf070a4438f3b753cfb8ef68) Importer(815301076,1909f56bfc062723c751e8b465ee728b)
Start importing Assets/PolyWorkshop/CardboardBoxesSet/Materials/Textures/cardboardBoxSet_Normal.tga using Guid(b19d15a0bf070a4438f3b753cfb8ef68) Importer(815301076,1909f56bfc062723c751e8b465ee728b)  -> (artifact id: 'bae139fa04f883c29e7b7048d62b3322') in 0.043766 seconds
  Import took 0.049407 seconds .

========================================================================
Received Import Request.
  Time since last request: 0.000275 seconds.
  path: Assets/PolyWorkshop/CardboardBoxesSet/Models/cardboardBox_03.fbx
  artifactKey: Guid(8bf2bd9ec7d102c48a617d4ba4efbc73) Importer(815301076,1909f56bfc062723c751e8b465ee728b)
Start importing Assets/PolyWorkshop/CardboardBoxesSet/Models/cardboardBox_03.fbx using Guid(8bf2bd9ec7d102c48a617d4ba4efbc73) Importer(815301076,1909f56bfc062723c751e8b465ee728b)  -> (artifact id: 'a7dd9c8cb6c8971099e63850b7d4ccbb') in 0.029736 seconds
  Import took 0.036291 seconds .

========================================================================
Received Import Request.
  Time since last request: 0.000430 seconds.
  path: Assets/school/props/board1.fbx
  artifactKey: Guid(2096cda62bf772342bc7a4aeda6e4a67) Importer(815301076,1909f56bfc062723c751e8b465ee728b)
Start importing Assets/school/props/board1.fbx using Guid(2096cda62bf772342bc7a4aeda6e4a67) Importer(815301076,1909f56bfc062723c751e8b465ee728b)  -> (artifact id: '3ffcffe8da8bbc8e4e346caa93d7a29a') in 0.060567 seconds
  Import took 0.067704 seconds .

========================================================================
Received Import Request.
  Time since last request: 0.000340 seconds.
  path: Assets/GoogleVR/Demos/Sounds/HelloVR/HelloVR_Tone_2.wav
  artifactKey: Guid(f1de4e67910a3493e9ba31c4745c9bfc) Importer(815301076,1909f56bfc062723c751e8b465ee728b)
Start importing Assets/GoogleVR/Demos/Sounds/HelloVR/HelloVR_Tone_2.wav using Guid(f1de4e67910a3493e9ba31c4745c9bfc) Importer(815301076,1909f56bfc062723c751e8b465ee728b)  -> (artifact id: 'dea4431b5bfa6489c79e134f0a6d1ebb') in 0.021051 seconds
  Import took 0.028175 seconds .

========================================================================
Received Import Request.
  Time since last request: 0.000297 seconds.
  path: Assets/Cardboard realistic boxes [HQ,Free]/Textures/CardboardBoxes_MetalicRoughness.png
  artifactKey: Guid(e2b9b92ba3927234fa55bf67cf2b8120) Importer(815301076,1909f56bfc062723c751e8b465ee728b)
Start importing Assets/Cardboard realistic boxes [HQ,Free]/Textures/CardboardBoxes_MetalicRoughness.png using Guid(e2b9b92ba3927234fa55bf67cf2b8120) Importer(815301076,1909f56bfc062723c751e8b465ee728b)  -> (artifact id: 'b757e8463363f65784c4924150720ff7') in 0.139478 seconds
  Import took 0.145675 seconds .

========================================================================
Received Import Request.
  Time since last request: 0.000343 seconds.
  path: Assets/Samples/Google Cardboard XR Plugin for Unity/1.4.1/Hello Cardboard/Scenes/HelloCardboard.unity
  artifactKey: Guid(145a2a45d7bc746b19cb68410368bf96) Importer(815301076,1909f56bfc062723c751e8b465ee728b)
Start importing Assets/Samples/Google Cardboard XR Plugin for Unity/1.4.1/Hello Cardboard/Scenes/HelloCardboard.unity using Guid(145a2a45d7bc746b19cb68410368bf96) Importer(815301076,1909f56bfc062723c751e8b465ee728b)  -> (artifact id: '6d04592417b937912f20e8fb9f15525a') in 0.006460 seconds
  Import took 0.012370 seconds .

========================================================================
Received Import Request.
  Time since last request: 0.000276 seconds.
  path: Assets/Samples/Google Cardboard XR Plugin for Unity/1.4.1/Hello Cardboard
  artifactKey: Guid(445dad28688ed4243a91e2d22364fed2) Importer(815301076,1909f56bfc062723c751e8b465ee728b)
Start importing Assets/Samples/Google Cardboard XR Plugin for Unity/1.4.1/Hello Cardboard using Guid(445dad28688ed4243a91e2d22364fed2) Importer(815301076,1909f56bfc062723c751e8b465ee728b)  -> (artifact id: '69600e5d10b5b73343c503189dde8e7b') in 0.004395 seconds
  Import took 0.009496 seconds .

AssetImportWorkerClient::OnTransportError - code=2 error=End of file
